<?xml version="1.0" encoding="UTF-8"?>
<!-- Generated by org.testng.reporters.JUnitReportReporter -->
<testsuite hostname="DESKTOP-43JB7IB" failures="0" tests="1" name="ApplicationTestingTestFiles.VerifyDisplayedMessageForInternshipJobTypeTest" time="1.206" errors="0" timestamp="2022-09-18T10:55:22 IST" skipped="0">
  <testcase classname="ApplicationTestingTestFiles.VerifyDisplayedMessageForInternshipJobTypeTest" name="test" time="1.206"/>
  <system-out>
    <![CDATA[<h2>From Job type Dropdown select "Internship". </h2>
Launch Numadic Application. 
select the Job type as: Internship
Application throws a warning Message When Jopb Type is an "INTERNSHIP". 
<h3>Message (There are no available job positions that match your filters.) should be verified. </h3>
Application dispalyed the Alert message. 
The Header Text is displayed as: There are no available job positions that match your filters.
<img src="D:\New Project\NumadicAssessment\Screenshots\2022-955-18 10-55-22 AlertMessage.png"/>
Close the Browser]]>
  </system-out>
</testsuite> <!-- ApplicationTestingTestFiles.VerifyDisplayedMessageForInternshipJobTypeTest -->
