<?xml version="1.0" encoding="UTF-8"?>
<!-- Generated by org.testng.reporters.JUnitReportReporter -->
<testsuite hostname="DESKTOP-43JB7IB" failures="0" tests="6" name="ApplicationTestingTestFiles.VerifyApplyingForQAEngineerPositionTest" time="15.035" errors="0" timestamp="2022-09-18T10:58:08 IST" skipped="0">
  <testcase classname="ApplicationTestingTestFiles.VerifyApplyingForQAEngineerPositionTest" name="test" time="1.031"/>
  <system-out>
    <![CDATA[<h2>Validate Personal Details Form. </h2>
<h3>From Job dropdown, Select FULL TIME. </h3>
Selected Job Type as FullTime. 
<img src="D:\New Project\NumadicAssessment\Screenshots\2022-957-18 10-57-54 SelectedJobType.png"/>
Selected Job Type - Full time]]>
  </system-out>
  <testcase classname="ApplicationTestingTestFiles.VerifyApplyingForQAEngineerPositionTest" name="QAEngineerPostion" time="0.535"/>
  <system-out>
    <![CDATA[<h3>From Job listing option select QA Engineer. </h3>
get Current Url
https://numadic.com/careers/
<img src="D:\New Project\NumadicAssessment\Screenshots\2022-957-18 10-57-54 SelectedJobType.png"/>]]>
  </system-out>
  <testcase classname="ApplicationTestingTestFiles.VerifyApplyingForQAEngineerPositionTest" name="verifyUrlRedirect" time="0.255"/>
  <system-out>
    <![CDATA[<h3>Verify button ‘Apply here now’ and perform a click action. </h3>
Verify Page load successfully. 
Page load status: complete
Page redirects back to the Careers Page. 
Validate redirected page is the same Career Page
<img src="D:\New Project\NumadicAssessment\Screenshots\2022-957-18 10-57-54 RedirectedToCareer.png"/>]]>
  </system-out>
  <testcase classname="ApplicationTestingTestFiles.VerifyApplyingForQAEngineerPositionTest" name="clickOnApplyHere" time="1.061"/>
  <system-out>
    <![CDATA[<h3>Verify redirect back to careers page. </h3>
Verify existence of Apply here now button in the page. 
<img src="D:\New Project\NumadicAssessment\Screenshots\2022-957-18 10-57-55 ApplyHereButton.png"/>
Apply here now button is exist in the page. 
Click on Apply here now button
<img src="D:\New Project\NumadicAssessment\Screenshots\2022-957-18 10-57-55 redirectedPage.png"/>
Page has been redirected back to Careers Page.]]>
  </system-out>
  <testcase classname="ApplicationTestingTestFiles.VerifyApplyingForQAEngineerPositionTest" name="hoverAndClickOnApply" time="10.900"/>
  <system-out>
    <![CDATA[<h3>On listing page, hover over QA Engineer, click ‘Apply’ button. </h3>
Hover on QAEngineer option. 
Hover on the Element. 
Move to the Apply Button
<img src="D:\New Project\NumadicAssessment\Screenshots\2022-957-18 10-57-56 HoverOnQAEng.png"/>
Click on Apply Button.]]>
  </system-out>
  <testcase classname="ApplicationTestingTestFiles.VerifyApplyingForQAEngineerPositionTest" name="validatePersonalDetailsForm" time="1.253"/>
  <system-out/>
</testsuite> <!-- ApplicationTestingTestFiles.VerifyApplyingForQAEngineerPositionTest -->
