<?xml version="1.0" encoding="UTF-8"?>
<!-- Generated by org.testng.reporters.JUnitReportReporter -->
<testsuite hostname="DESKTOP-43JB7IB" failures="0" tests="1" name="ApplicationTestingTestFiles.VerifyHeaderTitleOfThePageTest" time="1.011" errors="0" timestamp="2022-09-18T10:51:52 IST" skipped="0">
  <testcase classname="ApplicationTestingTestFiles.VerifyHeaderTitleOfThePageTest" name="test" time="1.011"/>
  <system-out>
    <![CDATA[Validate the Header Text of the Careers Page.
<h2>Verify Header Text (JOIN OUR CREW)</h2>
The Header Text is displayed as: JOIN OUR CREW
<img src="D:\New Project\NumadicAssessment\Screenshots\2022-951-18 10-51-52 HeaderText.png"/>
Close the browser. ]]>
  </system-out>
</testsuite> <!-- ApplicationTestingTestFiles.VerifyHeaderTitleOfThePageTest -->
