<?xml version="1.0" encoding="UTF-8"?>
<!-- Generated by org.testng.reporters.JUnitReportReporter -->
<testsuite hostname="DESKTOP-43JB7IB" failures="0" tests="1" name="ApplicationTestingTestFiles.VerifyHeaderTitleOfThePageTest" time="0.963" errors="0" timestamp="2022-09-18T05:54:46 IST" skipped="0">
  <testcase classname="ApplicationTestingTestFiles.VerifyHeaderTitleOfThePageTest" name="test" time="0.963"/>
  <system-out>
    <![CDATA[Validate the Header Text of the Careers Page.
The Header Text is displayed as: JOIN OUR CREW
<img src="D:\New Project\NumadicAssessment\Screenshots\2022-954-18 05-54-46 HeaderText.png"/>]]>
  </system-out>
</testsuite> <!-- ApplicationTestingTestFiles.VerifyHeaderTitleOfThePageTest -->
